<?xml version="1.0" encoding="UTF-8"?>
<!-- Generated by org.testng.reporters.JUnitReportReporter -->
<testsuite skipped="0" hostname="Betuls-Air.attlocal.net" name="com.syntax.testcases.LoginExcelTest" tests="2" failures="0" timestamp="21 Jun 2019 02:30:48 GMT" time="13.829" errors="0">
  <testcase name="login" time="6.830" classname="com.syntax.testcases.LoginExcelTest"/>
  <testcase name="login" time="6.999" classname="com.syntax.testcases.LoginExcelTest"/>
</testsuite> <!-- com.syntax.testcases.LoginExcelTest -->
