<?xml version="1.0" encoding="UTF-8"?>
<!-- Generated by org.testng.reporters.JUnitReportReporter -->
<testsuite skipped="0" hostname="Betuls-Air.attlocal.net" name="com.syntax.utils.BaseClass" tests="1" failures="0" timestamp="08 Jun 2019 18:15:36 GMT" time="3.351" errors="0">
  <testcase name="setUp" time="3.351" classname="com.syntax.utils.BaseClass"/>
</testsuite> <!-- com.syntax.utils.BaseClass -->
